<?xml version="1.0" encoding="UTF-8"?>
<!-- Generated by org.testng.reporters.JUnitReportReporter -->
<testsuite hostname="DESKTOP-DFUO8BJ" failures="1" tests="1" name="com.test.RegisterTest" time="28.949" errors="0" timestamp="2022-08-30T22:13:20 EDT" skipped="0">
  <testcase classname="com.test.RegisterTest" name="registerTest" time="28.949">
    <failure message="expected [https://signin.costco.com/e0714dd4-784d-46d6-a278-3e29553483eb/B2C_1A_SSO_WCS_signup_signin_500/api/CombinedSigninAndSignup/unified?local=signup&amp;csrf_token=QWllK2lhK0pyNkJINkJlL3VZZWRibXhjV0JYSERoZmdTMElJb2Z4UG9sNDV5ejZRVy90dGFLMS82NVcralZxVE5UalhuMnEzaUlSclB1VjhhTU8yK0E9PTsyMDIyLTA4LTI5VDE4OjMwOjQ5LjkzMzE3MjhaOzVZLzhVaElJM1gvUUM2eFZjdHhzdUE9PTt7Ik9yY2hlc3RyYXRpb25TdGVwIjo0fQ==&amp;tx=StateProperties=eyJUSUQiOiI0ZWQ3NDkxMi02ODY4LTQyNzMtYjNjMi1iOGZjZWQ2MDQ1NDYifQ&amp;p=B2C_1A_SSO_WCS_signup_signin_500] but found [https://signin.costco.com/e0714dd4-784d-46d6-a278-3e29553483eb/B2C_1A_SSO_WCS_signup_signin_500/api/CombinedSigninAndSignup/unified?local=signup&amp;csrf_token=cllzWllpV1hSRlZJVlB0UFM3T1BreWhvV0x4aVIrL3dUUlo0VlZrYTZuc1pkUGNYVnYyRGJYdVVuNDJFMU9UbUxFaVRQV1FLUkN2TWJma1FoM1ZnWXc9PTsyMDIyLTA4LTMxVDAyOjEzOjA0LjU4MTY4MjlaOy82NXFWQWUyblhILzBqZlZEMmxFYUE9PTt7Ik9yY2hlc3RyYXRpb25TdGVwIjo0fQ==&amp;tx=StateProperties=eyJUSUQiOiJhMDE2YWQ1Mi0xZWJiLTRhN2MtOWUyMC1jZmEyZGU4ZDBhNTcifQ&amp;p=B2C_1A_SSO_WCS_signup_signin_500]" type="java.lang.AssertionError">
      <![CDATA[java.lang.AssertionError: expected [https://signin.costco.com/e0714dd4-784d-46d6-a278-3e29553483eb/B2C_1A_SSO_WCS_signup_signin_500/api/CombinedSigninAndSignup/unified?local=signup&csrf_token=QWllK2lhK0pyNkJINkJlL3VZZWRibXhjV0JYSERoZmdTMElJb2Z4UG9sNDV5ejZRVy90dGFLMS82NVcralZxVE5UalhuMnEzaUlSclB1VjhhTU8yK0E9PTsyMDIyLTA4LTI5VDE4OjMwOjQ5LjkzMzE3MjhaOzVZLzhVaElJM1gvUUM2eFZjdHhzdUE9PTt7Ik9yY2hlc3RyYXRpb25TdGVwIjo0fQ==&tx=StateProperties=eyJUSUQiOiI0ZWQ3NDkxMi02ODY4LTQyNzMtYjNjMi1iOGZjZWQ2MDQ1NDYifQ&p=B2C_1A_SSO_WCS_signup_signin_500] but found [https://signin.costco.com/e0714dd4-784d-46d6-a278-3e29553483eb/B2C_1A_SSO_WCS_signup_signin_500/api/CombinedSigninAndSignup/unified?local=signup&csrf_token=cllzWllpV1hSRlZJVlB0UFM3T1BreWhvV0x4aVIrL3dUUlo0VlZrYTZuc1pkUGNYVnYyRGJYdVVuNDJFMU9UbUxFaVRQV1FLUkN2TWJma1FoM1ZnWXc9PTsyMDIyLTA4LTMxVDAyOjEzOjA0LjU4MTY4MjlaOy82NXFWQWUyblhILzBqZlZEMmxFYUE9PTt7Ik9yY2hlc3RyYXRpb25TdGVwIjo0fQ==&tx=StateProperties=eyJUSUQiOiJhMDE2YWQ1Mi0xZWJiLTRhN2MtOWUyMC1jZmEyZGU4ZDBhNTcifQ&p=B2C_1A_SSO_WCS_signup_signin_500]
at org.testng.Assert.fail(Assert.java:99)
at org.testng.Assert.failNotEquals(Assert.java:1037)
at org.testng.Assert.assertEqualsImpl(Assert.java:140)
at org.testng.Assert.assertEquals(Assert.java:122)
at org.testng.Assert.assertEquals(Assert.java:629)
at org.testng.Assert.assertEquals(Assert.java:639)
at com.test.RegisterTest.registerTest(RegisterTest.java:19)
at java.base/jdk.internal.reflect.NativeMethodAccessorImpl.invoke0(Native Method)
at java.base/jdk.internal.reflect.NativeMethodAccessorImpl.invoke(NativeMethodAccessorImpl.java:77)
at java.base/jdk.internal.reflect.DelegatingMethodAccessorImpl.invoke(DelegatingMethodAccessorImpl.java:43)
at java.base/java.lang.reflect.Method.invoke(Method.java:568)
at org.testng.internal.MethodInvocationHelper.invokeMethod(MethodInvocationHelper.java:133)
at org.testng.internal.TestInvoker.invokeMethod(TestInvoker.java:598)
at org.testng.internal.TestInvoker.invokeTestMethod(TestInvoker.java:173)
at org.testng.internal.MethodRunner.runInSequence(MethodRunner.java:46)
at org.testng.internal.TestInvoker$MethodInvocationAgent.invoke(TestInvoker.java:824)
at org.testng.internal.TestInvoker.invokeTestMethods(TestInvoker.java:146)
at org.testng.internal.TestMethodWorker.invokeTestMethods(TestMethodWorker.java:146)
at org.testng.internal.TestMethodWorker.run(TestMethodWorker.java:128)
at java.base/java.util.ArrayList.forEach(ArrayList.java:1511)
at org.testng.TestRunner.privateRun(TestRunner.java:794)
at org.testng.TestRunner.run(TestRunner.java:596)
at org.testng.SuiteRunner.runTest(SuiteRunner.java:377)
at org.testng.SuiteRunner.runSequentially(SuiteRunner.java:371)
at org.testng.SuiteRunner.privateRun(SuiteRunner.java:332)
at org.testng.SuiteRunner.run(SuiteRunner.java:276)
at org.testng.SuiteRunnerWorker.runSuite(SuiteRunnerWorker.java:53)
at org.testng.SuiteRunnerWorker.run(SuiteRunnerWorker.java:96)
at org.testng.TestNG.runSuitesSequentially(TestNG.java:1212)
at org.testng.TestNG.runSuitesLocally(TestNG.java:1134)
at org.testng.TestNG.runSuites(TestNG.java:1063)
at org.testng.TestNG.run(TestNG.java:1031)
at org.testng.remote.AbstractRemoteTestNG.run(AbstractRemoteTestNG.java:115)
at org.testng.remote.RemoteTestNG.initAndRun(RemoteTestNG.java:251)
at org.testng.remote.RemoteTestNG.main(RemoteTestNG.java:77)
]]>
    </failure>
  </testcase> <!-- registerTest -->
  <system-out/>
</testsuite> <!-- com.test.RegisterTest -->
